
> opensynaptic-site@1.0.0 build
> docusaurus build


 ------------------------------------------------------------------------------                                                                                                         Update available 3.9.2 → 3.10.0                                                                                                                 To upgrade Docusaurus packages with the latest version, run the                                       following command:                                        `npm i @docusaurus/core@latest @docusaurus/preset-classic@latest               @docusaurus/module-type-aliases@latest @docusaurus/tsconfig@latest                                  @docusaurus/types@latest`                                                                                                             ------------------------------------------------------------------------------ 

[INFO] Website will be built for all these locales: 
- en
- zh-CN
[INFO] [en] Creating an optimized production build...
node.exe : [WARNING] Duplicate routes found!
At line:1 char:1
+ & "C:\Program Files\nodejs/node.exe" "C:\Program Files\nodejs/node_mo ...
+ ~~~~~~~~~~~~~~~~~~~~~~~~~~~~~~~~~~~~~~~~~~~~~~~~~~~~~~~~~~~~~~~~~~~~~
    + CategoryInfo          : NotSpecified: ([WARNING] Duplicate routes found! 
   :String) [], RemoteException
    + FullyQualifiedErrorId : NativeCommandError
 
- Attempting to create page at /docs/osynaptic-fx/, but a page already exists 
at this route.
This could lead to non-deterministic routing behavior.
[90m[[90mwebpackbar[90m][39m [36mℹ[39m Compiling Client
[90m[[90mwebpackbar[90m][39m [36mℹ[39m Compiling Server
[90m[[90mwebpackbar[90m][39m [32m✔[39m Server: Compiled successfully in 8.40s
[90m[[90mwebpackbar[90m][39m [32m✔[39m Client: Compiled successfully in 21.20s
[WARNING] Docusaurus found broken links!

Please check the pages of your site in the list below, and make sure you don't 
reference any path that does not exist.
Note: it's possible to ignore broken links with the 'onBrokenLinks' Docusaurus 
configuration, and let the build pass.

It looks like some of the broken links we found appear in many pages of your 
site.
Maybe those broken links appear on all pages through your site layout?
We recommend that you check your theme configuration for such links 
(particularly, theme navbar and footer).
Frequent broken links are linking to:
- /docs/osynaptic-fx/intro

Exhaustive list of all broken links found:
- Broken link on source page path = /docs/osynaptic-fx/:
   -> linking to README (resolved as: /docs/osynaptic-fx/README)
- Broken link on source page path = /docs/osynaptic-rx/intro:
   -> linking to ../osynaptic-fx/intro (resolved as: /docs/osynaptic-fx/intro)
- Broken link on source page path = /docs/osynaptic-tx/intro:
   -> linking to ../osynaptic-fx/intro (resolved as: /docs/osynaptic-fx/intro)
- Broken link on source page path = /docs/api/api-DATA_QUERY_API_REFERENCE:
   -> linking to /docs/osynaptic-fx/intro
- Broken link on source page path = /docs/api/api-DISPLAY_API_FINAL_REPORT:
   -> linking to /docs/osynaptic-fx/intro
- Broken link on source page path = 
/docs/api/api-DISPLAY_API_IMPLEMENTATION_SUMMARY:
   -> linking to /docs/osynaptic-fx/intro
- Broken link on source page path = /docs/api/api-SEND_API_INDEX:
   -> linking to /docs/osynaptic-fx/intro
- Broken link on source page path = /docs/api/api-SEND_API_REFERENCE:
   -> linking to /docs/osynaptic-fx/intro
- Broken link on source page path = /docs/ARCHITECTURE:
   -> linking to /docs/osynaptic-fx/intro
- Broken link on source page path = 
/docs/architecture/architecture-ARCHITECTURE_EVOLUTION_COMPARISON:
   -> linking to /docs/osynaptic-fx/intro
- Broken link on source page path = 
/docs/architecture/architecture-ARCHITECTURE_FFI_ANALYSIS:
   -> linking to /docs/osynaptic-fx/intro
- Broken link on source page path = 
/docs/architecture/architecture-CORE_PIPELINE_INTERFACE_EXPOSURE:
   -> linking to /docs/osynaptic-fx/intro
- Broken link on source page path = 
/docs/architecture/architecture-FFI_VERIFICATION_DIAGRAMS:
   -> linking to /docs/osynaptic-fx/intro
- Broken link on source page path = /docs/CONFIG_SCHEMA:
   -> linking to /docs/osynaptic-fx/intro
- Broken link on source page path = /docs/CORE_API:
   -> linking to /docs/osynaptic-fx/intro
- Broken link on source page path = /docs/guides/guides-CODE_OF_CONDUCT:
   -> linking to /docs/osynaptic-fx/intro
- Broken link on source page path = /docs/guides/guides-CONTRIBUTING:
   -> linking to /docs/osynaptic-fx/intro
- Broken link on source page path = /docs/guides/guides-DISPLAY_API_GUIDE:
   -> linking to /docs/osynaptic-fx/intro
- Broken link on source page path = /docs/guides/guides-DISPLAY_API_INDEX:
   -> linking to /docs/osynaptic-fx/intro
- Broken link on source page path = /docs/guides/guides-DISPLAY_API_QUICKSTART:
   -> linking to /docs/osynaptic-fx/intro
- Broken link on source page path = /docs/guides/guides-DISPLAY_API_README:
   -> linking to /docs/osynaptic-fx/intro
- Broken link on source page path = 
/docs/guides/guides-drivers-quick-reference:
   -> linking to /docs/osynaptic-fx/intro
- Broken link on source page path = 
/docs/guides/guides-QUICK_START_SEND_EXAMPLES:
   -> linking to /docs/osynaptic-fx/intro
- Broken link on source page path = /docs/guides/guides-RESTART_COMMAND_GUIDE:
   -> linking to /docs/osynaptic-fx/intro
- Broken link on source page path = /docs/guides/guides-SECURITY:
   -> linking to /docs/osynaptic-fx/intro
- Broken link on source page path = /docs/guides/guides-TUI_QUICK_REFERENCE:
   -> linking to /docs/osynaptic-fx/intro
- Broken link on source page path = /docs/guides/guides-upgrade-v0.3.0:
   -> linking to /docs/osynaptic-fx/intro
- Broken link on source page path = /docs/guides/guides-WEB_COMMANDS_REFERENCE:
   -> linking to /docs/osynaptic-fx/intro
- Broken link on source page path = /docs/I18N:
   -> linking to /docs/osynaptic-fx/intro
- Broken link on source page path = /docs/ID_LEASE_CONFIG_REFERENCE:
   -> linking to /docs/osynaptic-fx/intro
- Broken link on source page path = /docs/ID_LEASE_SYSTEM:
   -> linking to /docs/osynaptic-fx/intro
- Broken link on source page path = /docs/internal/internal-AGENTS:
   -> linking to /docs/osynaptic-fx/intro
- Broken link on source page path = /docs/internal/internal-CLI_README:
   -> linking to /docs/osynaptic-fx/intro
- Broken link on source page path = /docs/internal/internal-DB_ENGINE_README:
   -> linking to /docs/osynaptic-fx/intro
- Broken link on source page path = /docs/internal/internal-DEP_MANAGER_README:
   -> linking to /docs/osynaptic-fx/intro
- Broken link on source page path = 
/docs/internal/internal-DRIVER_BIDIRECTIONAL_REPORT:
   -> linking to /docs/osynaptic-fx/intro
- Broken link on source page path = /docs/internal/internal-ENV_GUARD_README:
   -> linking to /docs/osynaptic-fx/intro
- Broken link on source page path = 
/docs/internal/internal-FIX_ModuleNotFoundError:
   -> linking to /docs/osynaptic-fx/intro
- Broken link on source page path = /docs/internal/internal-GITHUB_PAGES_GUIDE:
   -> linking to /docs/osynaptic-fx/intro
- Broken link on source page path = 
/docs/internal/internal-OPTIMIZATION_REPORT:
   -> linking to /docs/osynaptic-fx/intro
- Broken link on source page path = 
/docs/internal/internal-PHASE1_PERF_PLAYBOOK:
   -> linking to /docs/osynaptic-fx/intro
- Broken link on source page path = 
/docs/internal/internal-PHASE2_PERF_PLAYBOOK:
   -> linking to /docs/osynaptic-fx/intro
- Broken link on source page path = /docs/internal/internal-PYCORE_INTERNALS:
   -> linking to /docs/osynaptic-fx/intro
- Broken link on source page path = /docs/internal/internal-README:
   -> linking to /docs/osynaptic-fx/intro
- Broken link on source page path = /docs/internal/internal-README_NATIVE:
   -> linking to /docs/osynaptic-fx/intro
- Broken link on source page path = /docs/internal/internal-RSCORE_README:
   -> linking to /docs/osynaptic-fx/intro
- Broken link on source page path = /docs/internal/internal-TESTS_README:
   -> linking to /docs/osynaptic-fx/intro
- Broken link on source page path = /docs/internal/internal-WEB_COMMAND_FIX:
   -> linking to /docs/osynaptic-fx/intro
- Broken link on source page path = /docs/internal/internal-WEB_USER_README:
   -> linking to /docs/osynaptic-fx/intro
- Broken link on source page path = /docs/internal/internal-ZERO_COPY_CLOSEOUT:
   -> linking to /docs/osynaptic-fx/intro
- Broken link on source page path = /docs/intro:
   -> linking to /docs/osynaptic-fx/intro
- Broken link on source page path = /docs/MULTI_LANGUAGE_GUIDE:
   -> linking to /docs/osynaptic-fx/intro
- Broken link on source page path = 
/docs/plugins/plugins-PLUGIN_DEVELOPMENT_SPECIFICATION:
   -> linking to /docs/osynaptic-fx/intro
- Broken link on source page path = 
/docs/plugins/plugins-PLUGIN_DEVELOPMENT_SPECIFICATION_2026:
   -> linking to /docs/osynaptic-fx/intro
- Broken link on source page path = 
/docs/plugins/plugins-PLUGIN_HIJACKING_PRACTICAL_CODE:
   -> linking to /docs/osynaptic-fx/intro
- Broken link on source page path = 
/docs/plugins/plugins-PLUGIN_QUICK_REFERENCE_2026:
   -> linking to /docs/osynaptic-fx/intro
- Broken link on source page path = /docs/plugins/plugins-PLUGIN_STARTER_KIT:
   -> linking to /docs/osynaptic-fx/intro
- Broken link on source page path = /docs/PYCORE_RUST_API:
   -> linking to /docs/osynaptic-fx/intro
- Broken link on source page path = /docs/QUICK_START:
   -> linking to /docs/osynaptic-fx/intro
- Broken link on source page path = /docs/readme:
   -> linking to /docs/osynaptic-fx/intro
- Broken link on source page path = 
/docs/releases/releases-announcement-summary-v0.3.0:
   -> linking to /docs/osynaptic-fx/intro
- Broken link on source page path = /docs/releases/releases-v0.1.1:
   -> linking to /docs/osynaptic-fx/intro
- Broken link on source page path = /docs/releases/releases-v0.2.0:
   -> linking to /docs/osynaptic-fx/intro
- Broken link on source page path = 
/docs/releases/releases-v0.2.0_announcement:
   -> linking to /docs/osynaptic-fx/intro
- Broken link on source page path = 
/docs/releases/releases-v0.3.0_announcement:
   -> linking to /docs/osynaptic-fx/intro
- Broken link on source page path = /docs/releases/releases-v1.0.0-rc1:
   -> linking to /docs/osynaptic-fx/intro
- Broken link on source page path = /docs/releases/releases-v1.1.0:
   -> linking to /docs/osynaptic-fx/intro
- Broken link on source page path = 
/docs/releases/releases-v1.1.0_announcement:
   -> linking to /docs/osynaptic-fx/intro
- Broken link on source page path = 
/docs/releases/releases-v1.2.0-release-notes:
   -> linking to /docs/osynaptic-fx/intro
[SUCCESS] Generated static files in "build".
[INFO] [zh-CN] Creating an optimized production build...
- Broken link on source page path = 
/docs/releases/releases-v1.3.x-release-notes:
   -> linking to /docs/osynaptic-fx/intro
- Broken link on source page path = /docs/reports/reports-BUG_FIX_REPORT:
   -> linking to /docs/osynaptic-fx/intro
- Broken link on source page path = /docs/reports/reports-CHANGELOG_2026M03_24:
   -> linking to /docs/osynaptic-fx/intro
- Broken link on source page path = /docs/reports/reports-CODE_CHANGES_SUMMARY:
   -> linking to /docs/osynaptic-fx/intro
- Broken link on source page path = 
/docs/reports/reports-COMPREHENSIVE_COMPLETION_SUMMARY:
   -> linking to /docs/osynaptic-fx/intro
- Broken link on source page path = 
/docs/reports/reports-DISPLAY_API_FINAL_REPORT:
   -> linking to /docs/osynaptic-fx/intro
- Broken link on source page path = 
/docs/reports/reports-DOC_FRESHNESS_AUDIT_2026-04-02:
   -> linking to /docs/osynaptic-fx/intro
- Broken link on source page path = /docs/reports/reports-DOCUMENTATION_INDEX:
   -> linking to /docs/osynaptic-fx/intro
- Broken link on source page path = 
/docs/reports/reports-drivers-final-capability-audit:
   -> linking to /docs/osynaptic-fx/intro
- Broken link on source page path = 
/docs/reports/reports-FINAL_PERFORMANCE_REPORT:
   -> linking to /docs/osynaptic-fx/intro
- Broken link on source page path = 
/docs/reports/reports-IMPLEMENTATION_COMPLETE:
   -> linking to /docs/osynaptic-fx/intro
- Broken link on source page path = /docs/reports/reports-MIGRATION_REPORT:
   -> linking to /docs/osynaptic-fx/intro
- Broken link on source page path = 
/docs/reports/reports-PERFORMANCE_OPTIMIZATION_REPORT:
   -> linking to /docs/osynaptic-fx/intro
- Broken link on source page path = 
/docs/reports/reports-releases-v0.2.0-v0.3.0-comparison:
   -> linking to /docs/osynaptic-fx/intro
- Broken link on source page path = 
/docs/reports/reports-RESTART_COMMAND_DOCUMENTATION_SUMMARY:
   -> linking to /docs/osynaptic-fx/intro
- Broken link on source page path = /docs/reports/reports-root-CFFI_FINAL_FIX:
   -> linking to /docs/osynaptic-fx/intro
- Broken link on source page path = 
/docs/reports/reports-TEST_PLUGIN_RESTORATION_REPORT:
   -> linking to /docs/osynaptic-fx/intro
- Broken link on source page path = 
/docs/reports/reports-TRANSLATION_QA_REPORT:
   -> linking to /docs/osynaptic-fx/intro
- Broken link on source page path = 
/docs/reports/reports-WIKI_OPTIMIZATION_REPORT:
   -> linking to /docs/osynaptic-fx/intro
- Broken link on source page path = /docs/RSCORE_API:
   -> linking to /docs/osynaptic-fx/intro
- Broken link on source page path = /docs/TRANSPORTER_PLUGIN:
   -> linking to /docs/osynaptic-fx/intro
- Broken link on source page path = /:
   -> linking to /docs/osynaptic-fx/intro
   -> linking to /docs/osynaptic-fx/en_GB/arduino-easy-api

[WARNING] Duplicate routes found!
- Attempting to create page at /zh-CN/docs/osynaptic-fx/, but a page already 
exists at this route.
This could lead to non-deterministic routing behavior.
[90m[[90mwebpackbar[90m][39m [36mℹ[39m Compiling Client
[90m[[90mwebpackbar[90m][39m [36mℹ[39m Compiling Server
[90m[[90mwebpackbar[90m][39m [32m✔[39m Server: Compiled successfully in 7.45s
[90m[[90mwebpackbar[90m][39m [32m✔[39m Client: Compiled successfully in 16.13s
[WARNING] Docusaurus found broken links!

Please check the pages of your site in the list below, and make sure you don't 
reference any path that does not exist.
Note: it's possible to ignore broken links with the 'onBrokenLinks' Docusaurus 
configuration, and let the build pass.

It looks like some of the broken links we found appear in many pages of your 
site.
Maybe those broken links appear on all pages through your site layout?
We recommend that you check your theme configuration for such links 
(particularly, theme navbar and footer).
Frequent broken links are linking to:
- /zh-CN/docs/osynaptic-fx/intro

Exhaustive list of all broken links found:
- Broken link on source page path = /zh-CN/docs/osynaptic-fx/:
   -> linking to README (resolved as: /zh-CN/docs/osynaptic-fx/README)
- Broken link on source page path = /zh-CN/docs/:
   -> linking to /zh-CN/docs/osynaptic-fx/intro
- Broken link on source page path = 
/zh-CN/docs/api/api-DATA_QUERY_API_REFERENCE:
   -> linking to /zh-CN/docs/osynaptic-fx/intro
- Broken link on source page path = 
/zh-CN/docs/api/api-DISPLAY_API_FINAL_REPORT:
   -> linking to /zh-CN/docs/osynaptic-fx/intro
- Broken link on source page path = 
/zh-CN/docs/api/api-DISPLAY_API_IMPLEMENTATION_SUMMARY:
   -> linking to /zh-CN/docs/osynaptic-fx/intro
- Broken link on source page path = /zh-CN/docs/api/api-SEND_API_INDEX:
   -> linking to /zh-CN/docs/osynaptic-fx/intro
- Broken link on source page path = /zh-CN/docs/api/api-SEND_API_REFERENCE:
   -> linking to /zh-CN/docs/osynaptic-fx/intro
- Broken link on source page path = /zh-CN/docs/ARCHITECTURE:
   -> linking to /zh-CN/docs/osynaptic-fx/intro
- Broken link on source page path = 
/zh-CN/docs/architecture/architecture-ARCHITECTURE_EVOLUTION_COMPARISON:
   -> linking to /zh-CN/docs/osynaptic-fx/intro
- Broken link on source page path = 
/zh-CN/docs/architecture/architecture-ARCHITECTURE_FFI_ANALYSIS:
   -> linking to /zh-CN/docs/osynaptic-fx/intro
- Broken link on source page path = 
/zh-CN/docs/architecture/architecture-CORE_PIPELINE_INTERFACE_EXPOSURE:
   -> linking to /zh-CN/docs/osynaptic-fx/intro
- Broken link on source page path = 
/zh-CN/docs/architecture/architecture-FFI_VERIFICATION_DIAGRAMS:
   -> linking to /zh-CN/docs/osynaptic-fx/intro
- Broken link on source page path = /zh-CN/docs/CONFIG_SCHEMA:
   -> linking to /zh-CN/docs/osynaptic-fx/intro
- Broken link on source page path = /zh-CN/docs/CORE_API:
   -> linking to /zh-CN/docs/osynaptic-fx/intro
- Broken link on source page path = /zh-CN/docs/guides/guides-CODE_OF_CONDUCT:
   -> linking to /zh-CN/docs/osynaptic-fx/intro
- Broken link on source page path = /zh-CN/docs/guides/guides-CONTRIBUTING:
   -> linking to /zh-CN/docs/osynaptic-fx/intro
- Broken link on source page path = 
/zh-CN/docs/guides/guides-DISPLAY_API_GUIDE:
   -> linking to /zh-CN/docs/osynaptic-fx/intro
- Broken link on source page path = 
/zh-CN/docs/guides/guides-DISPLAY_API_INDEX:
   -> linking to /zh-CN/docs/osynaptic-fx/intro
- Broken link on source page path = 
/zh-CN/docs/guides/guides-DISPLAY_API_QUICKSTART:
   -> linking to /zh-CN/docs/osynaptic-fx/intro
- Broken link on source page path = 
/zh-CN/docs/guides/guides-DISPLAY_API_README:
   -> linking to /zh-CN/docs/osynaptic-fx/intro
- Broken link on source page path = 
/zh-CN/docs/guides/guides-drivers-quick-reference:
   -> linking to /zh-CN/docs/osynaptic-fx/intro
- Broken link on source page path = 
/zh-CN/docs/guides/guides-QUICK_START_SEND_EXAMPLES:
   -> linking to /zh-CN/docs/osynaptic-fx/intro
- Broken link on source page path = 
/zh-CN/docs/guides/guides-RESTART_COMMAND_GUIDE:
   -> linking to /zh-CN/docs/osynaptic-fx/intro
- Broken link on source page path = /zh-CN/docs/guides/guides-SECURITY:
   -> linking to /zh-CN/docs/osynaptic-fx/intro
- Broken link on source page path = 
/zh-CN/docs/guides/guides-TUI_QUICK_REFERENCE:
   -> linking to /zh-CN/docs/osynaptic-fx/intro
- Broken link on source page path = /zh-CN/docs/guides/guides-upgrade-v0.3.0:
   -> linking to /zh-CN/docs/osynaptic-fx/intro
- Broken link on source page path = 
/zh-CN/docs/guides/guides-WEB_COMMANDS_REFERENCE:
   -> linking to /zh-CN/docs/osynaptic-fx/intro
- Broken link on source page path = /zh-CN/docs/I18N:
   -> linking to /zh-CN/docs/osynaptic-fx/intro
- Broken link on source page path = /zh-CN/docs/ID_LEASE_CONFIG_REFERENCE:
   -> linking to /zh-CN/docs/osynaptic-fx/intro
- Broken link on source page path = /zh-CN/docs/ID_LEASE_SYSTEM:
   -> linking to /zh-CN/docs/osynaptic-fx/intro
- Broken link on source page path = /zh-CN/docs/internal/internal-AGENTS:
   -> linking to /zh-CN/docs/osynaptic-fx/intro
- Broken link on source page path = /zh-CN/docs/internal/internal-CLI_README:
   -> linking to /zh-CN/docs/osynaptic-fx/intro
- Broken link on source page path = 
/zh-CN/docs/internal/internal-DB_ENGINE_README:
   -> linking to /zh-CN/docs/osynaptic-fx/intro
- Broken link on source page path = 
/zh-CN/docs/internal/internal-DEP_MANAGER_README:
   -> linking to /zh-CN/docs/osynaptic-fx/intro
- Broken link on source page path = 
/zh-CN/docs/internal/internal-DRIVER_BIDIRECTIONAL_REPORT:
   -> linking to /zh-CN/docs/osynaptic-fx/intro
- Broken link on source page path = 
/zh-CN/docs/internal/internal-ENV_GUARD_README:
   -> linking to /zh-CN/docs/osynaptic-fx/intro
- Broken link on source page path = 
/zh-CN/docs/internal/internal-FIX_ModuleNotFoundError:
   -> linking to /zh-CN/docs/osynaptic-fx/intro
- Broken link on source page path = 
/zh-CN/docs/internal/internal-GITHUB_PAGES_GUIDE:
   -> linking to /zh-CN/docs/osynaptic-fx/intro
- Broken link on source page path = 
/zh-CN/docs/internal/internal-OPTIMIZATION_REPORT:
   -> linking to /zh-CN/docs/osynaptic-fx/intro
- Broken link on source page path = 
/zh-CN/docs/internal/internal-PHASE1_PERF_PLAYBOOK:
   -> linking to /zh-CN/docs/osynaptic-fx/intro
- Broken link on source page path = 
/zh-CN/docs/internal/internal-PHASE2_PERF_PLAYBOOK:
   -> linking to /zh-CN/docs/osynaptic-fx/intro
- Broken link on source page path = 
/zh-CN/docs/internal/internal-PYCORE_INTERNALS:
   -> linking to /zh-CN/docs/osynaptic-fx/intro
- Broken link on source page path = /zh-CN/docs/internal/internal-README:
   -> linking to /zh-CN/docs/osynaptic-fx/intro
- Broken link on source page path = 
/zh-CN/docs/internal/internal-README_NATIVE:
   -> linking to /zh-CN/docs/osynaptic-fx/intro
- Broken link on source page path = 
/zh-CN/docs/internal/internal-RSCORE_README:
   -> linking to /zh-CN/docs/osynaptic-fx/intro
- Broken link on source page path = /zh-CN/docs/internal/internal-TESTS_README:
   -> linking to /zh-CN/docs/osynaptic-fx/intro
- Broken link on source page path = 
/zh-CN/docs/internal/internal-WEB_COMMAND_FIX:
   -> linking to /zh-CN/docs/osynaptic-fx/intro
- Broken link on source page path = 
/zh-CN/docs/internal/internal-WEB_USER_README:
   -> linking to /zh-CN/docs/osynaptic-fx/intro
- Broken link on source page path = 
/zh-CN/docs/internal/internal-ZERO_COPY_CLOSEOUT:
   -> linking to /zh-CN/docs/osynaptic-fx/intro
- Broken link on source page path = /zh-CN/docs/intro:
   -> linking to /zh-CN/docs/osynaptic-fx/intro
- Broken link on source page path = /zh-CN/docs/MULTI_LANGUAGE_GUIDE:
   -> linking to /zh-CN/docs/osynaptic-fx/intro
- Broken link on source page path = 
/zh-CN/docs/plugins/plugins-PLUGIN_DEVELOPMENT_SPECIFICATION:
   -> linking to /zh-CN/docs/osynaptic-fx/intro
- Broken link on source page path = 
/zh-CN/docs/plugins/plugins-PLUGIN_DEVELOPMENT_SPECIFICATION_2026:
   -> linking to /zh-CN/docs/osynaptic-fx/intro
- Broken link on source page path = 
/zh-CN/docs/plugins/plugins-PLUGIN_HIJACKING_PRACTICAL_CODE:
   -> linking to /zh-CN/docs/osynaptic-fx/intro
- Broken link on source page path = 
/zh-CN/docs/plugins/plugins-PLUGIN_QUICK_REFERENCE_2026:
   -> linking to /zh-CN/docs/osynaptic-fx/intro
- Broken link on source page path = 
/zh-CN/docs/plugins/plugins-PLUGIN_STARTER_KIT:
   -> linking to /zh-CN/docs/osynaptic-fx/intro
- Broken link on source page path = /zh-CN/docs/PYCORE_RUST_API:
   -> linking to /zh-CN/docs/osynaptic-fx/intro
- Broken link on source page path = /zh-CN/docs/QUICK_START:
   -> linking to /zh-CN/docs/osynaptic-fx/intro
- Broken link on source page path = 
/zh-CN/docs/releases/releases-announcement-summary-v0.3.0:
   -> linking to /zh-CN/docs/osynaptic-fx/intro
- Broken link on source page path = /zh-CN/docs/releases/releases-v0.1.1:
   -> linking to /zh-CN/docs/osynaptic-fx/intro
- Broken link on source page path = /zh-CN/docs/releases/releases-v0.2.0:
   -> linking to /zh-CN/docs/osynaptic-fx/intro
- Broken link on source page path = 
/zh-CN/docs/releases/releases-v0.2.0_announcement:
   -> linking to /zh-CN/docs/osynaptic-fx/intro
- Broken link on source page path = 
/zh-CN/docs/releases/releases-v0.3.0_announcement:
   -> linking to /zh-CN/docs/osynaptic-fx/intro
- Broken link on source page path = /zh-CN/docs/releases/releases-v1.0.0-rc1:
   -> linking to /zh-CN/docs/osynaptic-fx/intro
- Broken link on source page path = /zh-CN/docs/releases/releases-v1.1.0:
   -> linking to /zh-CN/docs/osynaptic-fx/intro
- Broken link on source page path = 
/zh-CN/docs/releases/releases-v1.1.0_announcement:
   -> linking to /zh-CN/docs/osynaptic-fx/intro
- Broken link on source page path = 
/zh-CN/docs/releases/releases-v1.2.0-release-notes:
   -> linking to /zh-CN/docs/osynaptic-fx/intro
- Broken link on source page path = 
/zh-CN/docs/releases/releases-v1.3.x-release-notes:
   -> linking to /zh-CN/docs/osynaptic-fx/intro
- Broken link on source page path = /zh-CN/docs/reports/reports-BUG_FIX_REPORT:
   -> linking to /zh-CN/docs/osynaptic-fx/intro
- Broken link on source page path = 
/zh-CN/docs/reports/reports-CHANGELOG_2026M03_24:
   -> linking to /zh-CN/docs/osynaptic-fx/intro
- Broken link on source page path = 
/zh-CN/docs/reports/reports-CODE_CHANGES_SUMMARY:
   -> linking to /zh-CN/docs/osynaptic-fx/intro
- Broken link on source page path = 
/zh-CN/docs/reports/reports-COMPREHENSIVE_COMPLETION_SUMMARY:
   -> linking to /zh-CN/docs/osynaptic-fx/intro
- Broken link on source page path = 
/zh-CN/docs/reports/reports-DISPLAY_API_FINAL_REPORT:
   -> linking to /zh-CN/docs/osynaptic-fx/intro
- Broken link on source page path = 
/zh-CN/docs/reports/reports-DOC_FRESHNESS_AUDIT_2026-04-02:
   -> linking to /zh-CN/docs/osynaptic-fx/intro
- Broken link on source page path = 
/zh-CN/docs/reports/reports-DOCUMENTATION_INDEX:
   -> linking to /zh-CN/docs/osynaptic-fx/intro
- Broken link on source page path = 
/zh-CN/docs/reports/reports-drivers-final-capability-audit:
   -> linking to /zh-CN/docs/osynaptic-fx/intro
- Broken link on source page path = 
/zh-CN/docs/reports/reports-FINAL_PERFORMANCE_REPORT:
   -> linking to /zh-CN/docs/osynaptic-fx/intro
- Broken link on source page path = 
/zh-CN/docs/reports/reports-IMPLEMENTATION_COMPLETE:
   -> linking to /zh-CN/docs/osynaptic-fx/intro
- Broken link on source page path = 
/zh-CN/docs/reports/reports-MIGRATION_REPORT:
   -> linking to /zh-CN/docs/osynaptic-fx/intro
- Broken link on source page path = 
/zh-CN/docs/reports/reports-PERFORMANCE_OPTIMIZATION_REPORT:
   -> linking to /zh-CN/docs/osynaptic-fx/intro
- Broken link on source page path = 
/zh-CN/docs/reports/reports-releases-v0.2.0-v0.3.0-comparison:
   -> linking to /zh-CN/docs/osynaptic-fx/intro
- Broken link on source page path = 
/zh-CN/docs/reports/reports-RESTART_COMMAND_DOCUMENTATION_SUMMARY:
   -> linking to /zh-CN/docs/osynaptic-fx/intro
- Broken link on source page path = 
/zh-CN/docs/reports/reports-root-CFFI_FINAL_FIX:
   -> linking to /zh-CN/docs/osynaptic-fx/intro
- Broken link on source page path = 
/zh-CN/docs/reports/reports-TEST_PLUGIN_RESTORATION_REPORT:
   -> linking to /zh-CN/docs/osynaptic-fx/intro
- Broken link on source page path = 
/zh-CN/docs/reports/reports-TRANSLATION_QA_REPORT:
   -> linking to /zh-CN/docs/osynaptic-fx/intro
- Broken link on source page path = 
/zh-CN/docs/reports/reports-WIKI_OPTIMIZATION_REPORT:
   -> linking to /zh-CN/docs/osynaptic-fx/intro
- Broken link on source page path = /zh-CN/docs/RSCORE_API:
   -> linking to /zh-CN/docs/osynaptic-fx/intro
- Broken link on source page path = /zh-CN/docs/TRANSPORTER_PLUGIN:
   -> linking to /zh-CN/docs/osynaptic-fx/intro
- Broken link on source page path = /zh-CN/:
[SUCCESS] Generated static files in "build\zh-CN".
[INFO] Use `npm run serve` command to test your build locally.
   -> linking to /zh-CN/docs/osynaptic-fx/intro
   -> linking to /zh-CN/docs/osynaptic-fx/en_GB/arduino-easy-api


