
> opensynaptic-site@1.0.0 build
> docusaurus build


 ------------------------------------------------------------------------------                                                                                                         Update available 3.9.2 → 3.10.0                                                                                                                 To upgrade Docusaurus packages with the latest version, run the                                       following command:                                        `npm i @docusaurus/core@latest @docusaurus/preset-classic@latest               @docusaurus/module-type-aliases@latest @docusaurus/tsconfig@latest                                  @docusaurus/types@latest`                                                                                                             ------------------------------------------------------------------------------ 

[INFO] Website will be built for all these locales: 
- en
- zh-CN
[INFO] [en] Creating an optimized production build...
node.exe : [ERROR] Loading of version failed for version current
At line:1 char:1
+ & "C:\Program Files\nodejs/node.exe" "C:\Program Files\nodejs/node_mo ...
+ ~~~~~~~~~~~~~~~~~~~~~~~~~~~~~~~~~~~~~~~~~~~~~~~~~~~~~~~~~~~~~~~~~~~~~
    + CategoryInfo          : NotSpecified: ([ERROR] Loading...version current 
   :String) [], RemoteException
    + FullyQualifiedErrorId : NativeCommandError
 

[ERROR] Error: Unable to build website for locale en.
    at tryToBuildLocale (E:\新建文件夹 (4)\opensynaptic.github.io\node_modules\@docu
saurus\core\lib\commands\build\build.js:83:15)
    at async E:\新建文件夹 (4)\opensynaptic.github.io\node_modules\@docusaurus\core\
lib\commands\build\build.js:35:9
    ... 4 lines matching cause stack trace ...
    at async file:///E:/%E6%96%B0%E5%BB%BA%E6%96%87%E4%BB%B6%E5%A4%B9%20(4)/ope
nsynaptic.github.io/node_modules/@docusaurus/core/bin/docusaurus.mjs:44:3 {
  [cause]: Error: Invalid sidebar file at "sidebars.osynaptic-fx.ts".
  These sidebar document ids do not exist:
  - 01-overview
  - 02-architecture
  - 03-api-index
  - 04-plugin-scope-and-commands
  - 05-port-forwarder
  - 06-cli
  - 07-quality-gate-and-compiler-matrix
  - 08-release-notes
  - 09-mirror-coverage-report
  - 10-acceptance-checklist
  - 11-benchmark-method
  - 12-config-quick-reference
  - 13-performance-summary
  - 14-troubleshooting
  - 15-release-playbook
  - 16-examples-cookbook
  - 17-glue-step-by-step
  - 18-data-format-specification
  - 18-standardized-units
[INFO] Docusaurus version: 3.9.2
Node version: v24.14.1
  - 19-input-specification
  - 20-arduino-easy-api
  
  Available document ids are:
  - CHANGELOG
  - README
  - SUMMARY
  - acceptance-checklist
  - api-index
  - architecture
  - arduino-easy-api
  - benchmark-method
  - cli
  - config-quick-reference
  - data-format-specification
  - examples-cookbook
  - glue-step-by-step
  - input-specification
  - intro
  - mirror-coverage-report
  - overview
  - performance-summary
  - plugin-scope-and-commands
  - port-forwarder
  - quality-gate-and-compiler-matrix
  - release-notes
  - release-playbook
  - standardized-units
  - troubleshooting
  
      at Object.checkSidebarsDocIds (E:\新建文件夹 (4)\opensynaptic.github.io\node_m
odules\@docusaurus\plugin-content-docs\lib\sidebars\utils.js:245:19)
      at doLoadVersion (E:\新建文件夹 (4)\opensynaptic.github.io\node_modules\@docus
aurus\plugin-content-docs\lib\versions\loadVersion.js:102:19)
      at async loadVersion (E:\新建文件夹 (4)\opensynaptic.github.io\node_modules\@d
ocusaurus\plugin-content-docs\lib\versions\loadVersion.js:119:16)
      at async Promise.all (index 0)
      at async Object.loadContent (E:\新建文件夹 (4)\opensynaptic.github.io\node_mod
ules\@docusaurus\plugin-content-docs\lib\index.js:152:33)
      at async E:\新建文件夹 (4)\opensynaptic.github.io\node_modules\@docusaurus\cor
e\lib\server\plugins\plugins.js:40:23
      at async Promise.all (index 9)
      at async E:\新建文件夹 (4)\opensynaptic.github.io\node_modules\@docusaurus\cor
e\lib\server\plugins\plugins.js:146:25
      at async loadSite (E:\新建文件夹 (4)\opensynaptic.github.io\node_modules\@docu
saurus\core\lib\server\site.js:155:45)
      at async buildLocale (E:\新建文件夹 (4)\opensynaptic.github.io\node_modules\@d
ocusaurus\core\lib\commands\build\buildLocale.js:33:18)
      at async runBuildLocaleTask (E:\新建文件夹 (4)\opensynaptic.github.io\node_mod
ules\@docusaurus\core\lib\commands\build\build.js:98:5)
      at async E:\新建文件夹 (4)\opensynaptic.github.io\node_modules\@docusaurus\cor
e\lib\commands\build\build.js:79:13
      at async tryToBuildLocale (E:\新建文件夹 (4)\opensynaptic.github.io\node_modul
es\@docusaurus\core\lib\commands\build\build.js:75:9)
      at async E:\新建文件夹 (4)\opensynaptic.github.io\node_modules\@docusaurus\cor
e\lib\commands\build\build.js:35:9
      at async mapAsyncSequential (E:\新建文件夹 
(4)\opensynaptic.github.io\node_modules\@docusaurus\utils\lib\jsUtils.js:21:24)
      at async Command.build (E:\新建文件夹 (4)\opensynaptic.github.io\node_modules\
@docusaurus\core\lib\commands\build\build.js:34:5)
      at async Promise.all (index 0)
      at async runCLI (E:\新建文件夹 (4)\opensynaptic.github.io\node_modules\@docusa
urus\core\lib\commands\cli.js:56:5)
      at async file:///E:/%E6%96%B0%E5%BB%BA%E6%96%87%E4%BB%B6%E5%A4%B9%20(4)/o
pensynaptic.github.io/node_modules/@docusaurus/core/bin/docusaurus.mjs:44:3
}

