
> opensynaptic-site@1.0.0 build
> docusaurus build


 ------------------------------------------------------------------------------                                                                                                         Update available 3.9.2 → 3.10.0                                                                                                                 To upgrade Docusaurus packages with the latest version, run the                                       following command:                                        `npm i @docusaurus/core@latest @docusaurus/preset-classic@latest               @docusaurus/module-type-aliases@latest @docusaurus/tsconfig@latest                                  @docusaurus/types@latest`                                                                                                             ------------------------------------------------------------------------------ 

[INFO] Website will be built for all these locales: 
- en
- zh-CN
[INFO] [en] Creating an optimized production build...
[90m[[90mwebpackbar[90m][39m [36mℹ[39m Compiling Client
[90m[[90mwebpackbar[90m][39m [36mℹ[39m Compiling Server
[90m[[90mwebpackbar[90m][39m [32m✔[39m Server: Compiled successfully in 1.34s
[90m[[90mwebpackbar[90m][39m [32m✔[39m Client: Compiled successfully in 1.54s
node.exe : [WARNING] Docusaurus found broken links!
At line:1 char:1
+ & "C:\Program Files\nodejs/node.exe" "C:\Program Files\nodejs/node_mo ...
+ ~~~~~~~~~~~~~~~~~~~~~~~~~~~~~~~~~~~~~~~~~~~~~~~~~~~~~~~~~~~~~~~~~~~~~
    + CategoryInfo          : NotSpecified: ([WARNING] Docusaurus found broken 
    links!:String) [], RemoteException
    + FullyQualifiedErrorId : NativeCommandError
 

Please check the pages of your site in the list below, and make sure you don't 
reference any path that does not exist.
Note: it's possible to ignore broken links with the 'onBrokenLinks' Docusaurus 
configuration, and let the build pass.

Exhaustive list of all broken links found:
- Broken link on source page path = /docs/osynaptic-fx/intro:
   -> linking to /docs/osynaptic-fx/README

[SUCCESS] Generated static files in "build".
[INFO] [zh-CN] Creating an optimized production build...
[90m[[90mwebpackbar[90m][39m [36mℹ[39m Compiling Client
[90m[[90mwebpackbar[90m][39m [36mℹ[39m Compiling Server
[90m[[90mwebpackbar[90m][39m [32m✔[39m Server: Compiled successfully in 887.63ms
[90m[[90mwebpackbar[90m][39m [32m✔[39m Client: Compiled successfully in 1.27s
[WARNING] Docusaurus found broken links!

Please check the pages of your site in the list below, and make sure you don't 
reference any path that does not exist.
Note: it's possible to ignore broken links with the 'onBrokenLinks' Docusaurus 
configuration, and let the build pass.

Exhaustive list of all broken links found:
- Broken link on source page path = /zh-CN/docs/osynaptic-fx/intro:
   -> linking to /zh-CN/docs/osynaptic-fx/README

[SUCCESS] Generated static files in "build\zh-CN".
[INFO] Use `npm run serve` command to test your build locally.

