
> opensynaptic-site@1.0.0 build
> docusaurus build

[INFO] Website will be built for all these locales: 
- en
- zh-CN
[INFO] [en] Creating an optimized production build...
[WARNING] Duplicate routes found!
- Attempting to create page at /docs/, but a page already exists at this route.
This could lead to non-deterministic routing behavior.
[90m[[90mwebpackbar[90m][39m [36mℹ[39m Compiling Client
[90m[[90mwebpackbar[90m][39m [36mℹ[39m Compiling Server
[WARNING] Markdown link with empty URL found in source file "docs/opensynaptic/en_GB/Navigation.md" (7:1).
[WARNING] Markdown link with empty URL found in source file "docs/opensynaptic/en_GB/Navigation.md" (8:1).
[WARNING] Markdown link with empty URL found in source file "docs/opensynaptic/en_GB/Navigation.md" (9:1).
[WARNING] Markdown link with empty URL found in source file "docs/opensynaptic/en_GB/INDEX.md" (7:1).
[WARNING] Markdown link with empty URL found in source file "docs/opensynaptic/en_GB/INDEX.md" (8:1).
[WARNING] Markdown link with empty URL found in source file "docs/opensynaptic/en_GB/INDEX.md" (9:1).
[WARNING] Markdown link with empty URL found in source file "docs/opensynaptic/en_GB/Home.md" (10:1).
[WARNING] Markdown link with empty URL found in source file "docs/opensynaptic/en_GB/Home.md" (11:1).
[WARNING] Markdown link with empty URL found in source file "docs/opensynaptic/en_GB/Navigation.md" (7:1).
[WARNING] Markdown link with empty URL found in source file "docs/opensynaptic/en_GB/Navigation.md" (8:1).
[WARNING] Markdown link with empty URL found in source file "docs/opensynaptic/en_GB/Navigation.md" (9:1).
[WARNING] Markdown link with empty URL found in source file "docs/opensynaptic/en_GB/INDEX.md" (7:1).
[WARNING] Markdown link with empty URL found in source file "docs/opensynaptic/en_GB/INDEX.md" (8:1).
[WARNING] Markdown link with empty URL found in source file "docs/opensynaptic/en_GB/INDEX.md" (9:1).
[WARNING] Markdown link with empty URL found in source file "docs/opensynaptic/en_GB/Home.md" (10:1).
[WARNING] Markdown link with empty URL found in source file "docs/opensynaptic/en_GB/Home.md" (11:1).
[90m[[90mwebpackbar[90m][39m [32m✔[39m Server: Compiled successfully in 8.05s
[90m[[90mwebpackbar[90m][39m [32m✔[39m Client: Compiled successfully in 15.85s
[WARNING] Docusaurus found broken links!

Please check the pages of your site in the list below, and make sure you don't reference any path that does not exist.
Note: it's possible to ignore broken links with the 'onBrokenLinks' Docusaurus configuration, and let the build pass.

It looks like some of the broken links we found appear in many pages of your site.
Maybe those broken links appear on all pages through your site layout?
We recommend that you check your theme configuration for such links (particularly, theme navbar and footer).
Frequent broken links are linking to:
- README

Exhaustive list of all broken links found:
- Broken link on source page path = /docs/:
   -> linking to ../zh_CN/INDEX (resolved as: /zh_CN/INDEX)
   -> linking to Navigation-EN (resolved as: /docs/Navigation-EN)
   -> linking to README (resolved as: /docs/README)
   -> linking to architecture-CORE_PIPELINE_INTERFACE_EXPOSURE (resolved as: /docs/architecture-CORE_PIPELINE_INTERFACE_EXPOSURE)
   -> linking to architecture-ARCHITECTURE_EVOLUTION_COMPARISON (resolved as: /docs/architecture-ARCHITECTURE_EVOLUTION_COMPARISON)
   -> linking to architecture-ARCHITECTURE_FFI_ANALYSIS (resolved as: /docs/architecture-ARCHITECTURE_FFI_ANALYSIS)
   -> linking to api-DISPLAY_API_FINAL_REPORT (resolved as: /docs/api-DISPLAY_API_FINAL_REPORT)
   -> linking to api-DISPLAY_API_IMPLEMENTATION_SUMMARY (resolved as: /docs/api-DISPLAY_API_IMPLEMENTATION_SUMMARY)
   -> linking to features-ENHANCED_PORT_FORWARDER_GUIDE (resolved as: /docs/features-ENHANCED_PORT_FORWARDER_GUIDE)
   -> linking to features-FEATURE_TOGGLE_GUIDE (resolved as: /docs/features-FEATURE_TOGGLE_GUIDE)
   -> linking to features-PORT_FORWARDER_COMPLETE_GUIDE (resolved as: /docs/features-PORT_FORWARDER_COMPLETE_GUIDE)
   -> linking to features-PORT_FORWARDER_ONE_TO_MANY_GUIDE (resolved as: /docs/features-PORT_FORWARDER_ONE_TO_MANY_GUIDE)
   -> linking to features-IMPLEMENTATION_universal_driver_support (resolved as: /docs/features-IMPLEMENTATION_universal_driver_support)
   -> linking to plugins-PLUGIN_DEVELOPMENT_SPECIFICATION_2026 (resolved as: /docs/plugins-PLUGIN_DEVELOPMENT_SPECIFICATION_2026)
   -> linking to plugins-PLUGIN_STARTER_KIT (resolved as: /docs/plugins-PLUGIN_STARTER_KIT)
   -> linking to plugins-PLUGIN_QUICK_REFERENCE (resolved as: /docs/plugins-PLUGIN_QUICK_REFERENCE)
   -> linking to plugins-PLUGIN_HIJACKING_PORT_FORWARDING (resolved as: /docs/plugins-PLUGIN_HIJACKING_PORT_FORWARDING)
   -> linking to plugins-PLUGIN_HIJACKING_PRACTICAL_CODE (resolved as: /docs/plugins-PLUGIN_HIJACKING_PRACTICAL_CODE)
   -> linking to plugins-PLUGIN_DOCS_INDEX (resolved as: /docs/plugins-PLUGIN_DOCS_INDEX)
   -> linking to plugins-PLUGIN_DEVELOPMENT_SPECIFICATION (resolved as: /docs/plugins-PLUGIN_DEVELOPMENT_SPECIFICATION)
   -> linking to plugins-PLUGIN_QUICK_REFERENCE_2026 (resolved as: /docs/plugins-PLUGIN_QUICK_REFERENCE_2026)
   -> linking to plugins-PLUGIN_STARTER_KIT_2026 (resolved as: /docs/plugins-PLUGIN_STARTER_KIT_2026)
   -> linking to plugins-PLUGIN_DOCS_REVISION_FINAL (resolved as: /docs/plugins-PLUGIN_DOCS_REVISION_FINAL)
   -> linking to guides-DISPLAY_API_GUIDE (resolved as: /docs/guides-DISPLAY_API_GUIDE)
   -> linking to guides-DISPLAY_API_QUICKSTART (resolved as: /docs/guides-DISPLAY_API_QUICKSTART)
   -> linking to guides-DISPLAY_API_README (resolved as: /docs/guides-DISPLAY_API_README)
   -> linking to guides-DISPLAY_API_INDEX (resolved as: /docs/guides-DISPLAY_API_INDEX)
   -> linking to guides-RESTART_COMMAND_GUIDE (resolved as: /docs/guides-RESTART_COMMAND_GUIDE)
   -> linking to guides-QUICK_REFERENCE (resolved as: /docs/guides-QUICK_REFERENCE)
   -> linking to guides-WEB_COMMANDS_REFERENCE (resolved as: /docs/guides-WEB_COMMANDS_REFERENCE)
   -> linking to guides-TUI_QUICK_REFERENCE (resolved as: /docs/guides-TUI_QUICK_REFERENCE)
   -> linking to guides-REFACTORING_QUICK_REFERENCE (resolved as: /docs/guides-REFACTORING_QUICK_REFERENCE)
   -> linking to guides-upgrade-v0.3.0 (resolved as: /docs/guides-upgrade-v0.3.0)
   -> linking to guides-README_TUI_REFACTOR_ZH (resolved as: /docs/guides-README_TUI_REFACTOR_ZH)
   -> linking to reports-CHANGELOG_2026M03_24 (resolved as: /docs/reports-CHANGELOG_2026M03_24)
   -> linking to reports-DOC_FRESHNESS_AUDIT_2026-04-02 (resolved as: /docs/reports-DOC_FRESHNESS_AUDIT_2026-04-02)
   -> linking to reports-FINAL_PERFORMANCE_REPORT (resolved as: /docs/reports-FINAL_PERFORMANCE_REPORT)
   -> linking to reports-PERFORMANCE_OPTIMIZATION_REPORT (resolved as: /docs/reports-PERFORMANCE_OPTIMIZATION_REPORT)
   -> linking to reports-IMPLEMENTATION_COMPLETE (resolved as: /docs/reports-IMPLEMENTATION_COMPLETE)
   -> linking to reports-COMPREHENSIVE_COMPLETION_SUMMARY (resolved as: /docs/reports-COMPREHENSIVE_COMPLETION_SUMMARY)
   -> linking to reports-BUG_FIX_REPORT (resolved as: /docs/reports-BUG_FIX_REPORT)
   -> linking to reports-CODE_CHANGES_SUMMARY (resolved as: /docs/reports-CODE_CHANGES_SUMMARY)
   -> linking to reports-root-BUILD_FIX_SUMMARY (resolved as: /docs/reports-root-BUILD_FIX_SUMMARY)
   -> linking to reports-root-CFFI_FINAL_FIX (resolved as: /docs/reports-root-CFFI_FINAL_FIX)
   -> linking to reports-root-FINAL_COMPLETION_REPORT (resolved as: /docs/reports-root-FINAL_COMPLETION_REPORT)
   -> linking to reports-root-FIX_CFFI_MISMATCH (resolved as: /docs/reports-root-FIX_CFFI_MISMATCH)
   -> linking to reports-DISPLAY_API_REFACTORING_REPORT (resolved as: /docs/reports-DISPLAY_API_REFACTORING_REPORT)
   -> linking to reports-DISPLAY_API_REFACTORING_COMPLETE (resolved as: /docs/reports-DISPLAY_API_REFACTORING_COMPLETE)
   -> linking to reports-DISPLAY_API_FINAL_REPORT (resolved as: /docs/reports-DISPLAY_API_FINAL_REPORT)
   -> linking to reports-TUI_REFACTOR_COMPLETION_SUMMARY (resolved as: /docs/reports-TUI_REFACTOR_COMPLETION_SUMMARY)
   -> linking to reports-TUI_REFACTOR_PROJECT_REPORT (resolved as: /docs/reports-TUI_REFACTOR_PROJECT_REPORT)
   -> linking to reports-drivers-final-capability-audit (resolved as: /docs/reports-drivers-final-capability-audit)
   -> linking to reports-drivers-bidirectional-capability (resolved as: /docs/reports-drivers-bidirectional-capability)
   -> linking to releases-v1.1.0 (resolved as: /docs/releases-v1.1.0)
   -> linking to releases-v1.0.0-rc1 (resolved as: /docs/releases-v1.0.0-rc1)
   -> linking to releases-v0.3.0_announcement_en (resolved as: /docs/releases-v0.3.0_announcement_en)
   -> linking to releases-v0.2.0_announcement (resolved as: /docs/releases-v0.2.0_announcement)
   -> linking to internal-AGENTS (resolved as: /docs/internal-AGENTS)
   -> linking to internal-PYCORE_INTERNALS (resolved as: /docs/internal-PYCORE_INTERNALS)
   -> linking to internal-PHASE1_PERF_PLAYBOOK (resolved as: /docs/internal-PHASE1_PERF_PLAYBOOK)
   -> linking to internal-PHASE2_PERF_PLAYBOOK (resolved as: /docs/internal-PHASE2_PERF_PLAYBOOK)
   -> linking to internal-OPTIMIZATION_REPORT (resolved as: /docs/internal-OPTIMIZATION_REPORT)
   -> linking to internal-FIX_ModuleNotFoundError (resolved as: /docs/internal-FIX_ModuleNotFoundError)
   -> linking to internal-WEB_COMMAND_FIX (resolved as: /docs/internal-WEB_COMMAND_FIX)
   -> linking to internal-README (resolved as: /docs/internal-README)
   -> linking to internal-WORK_SUMMARY (resolved as: /docs/internal-WORK_SUMMARY)
   -> linking to internal-DEDUP_EXECUTION_2026M03 (resolved as: /docs/internal-DEDUP_EXECUTION_2026M03)
   -> linking to internal-DRIVER_BIDIRECTIONAL_REPORT (resolved as: /docs/internal-DRIVER_BIDIRECTIONAL_REPORT)
   -> linking to internal-ZERO_COPY_CLOSEOUT (resolved as: /docs/internal-ZERO_COPY_CLOSEOUT)
- Broken link on source page path = /docs/API:
   -> linking to internal-PYCORE_INTERNALS (resolved as: /docs/internal-PYCORE_INTERNALS)
- Broken link on source page path = /docs/ARCHITECTURE:
   -> linking to internal-DEDUP_EXECUTION_2026M03 (resolved as: /docs/internal-DEDUP_EXECUTION_2026M03)
- Broken link on source page path = /docs/CORE_API:
   -> linking to internal-PYCORE_INTERNALS (resolved as: /docs/internal-PYCORE_INTERNALS)
- Broken link on source page path = /docs/guides/guides-RESTART_COMMAND_GUIDE:
   -> linking to README (resolved as: /docs/guides/README)
   -> linking to src-opensynaptic-CLI-README (resolved as: /docs/guides/src-opensynaptic-CLI-README)
   -> linking to ARCHITECTURE (resolved as: /docs/guides/ARCHITECTURE)
   -> linking to CONFIG_SCHEMA (resolved as: /docs/guides/CONFIG_SCHEMA)
- Broken link on source page path = /docs/Home:
   -> linking to releases-v1.1.0 (resolved as: /docs/releases-v1.1.0)
   -> linking to INDEX (resolved as: /docs/INDEX)
   -> linking to README (resolved as: /docs/README)
   -> linking to Navigation-EN (resolved as: /docs/Navigation-EN)
   -> linking to plugins-PLUGIN_DEVELOPMENT_SPECIFICATION_2026 (resolved as: /docs/plugins-PLUGIN_DEVELOPMENT_SPECIFICATION_2026)
   -> linking to architecture-ARCHITECTURE_EVOLUTION_COMPARISON (resolved as: /docs/architecture-ARCHITECTURE_EVOLUTION_COMPARISON)
   -> linking to architecture-ARCHITECTURE_FFI_ANALYSIS (resolved as: /docs/architecture-ARCHITECTURE_FFI_ANALYSIS)
   -> linking to guides-DISPLAY_API_GUIDE (resolved as: /docs/guides-DISPLAY_API_GUIDE)
   -> linking to features-FEATURE_TOGGLE_GUIDE (resolved as: /docs/features-FEATURE_TOGGLE_GUIDE)
   -> linking to guides-TUI_QUICK_REFERENCE (resolved as: /docs/guides-TUI_QUICK_REFERENCE)
   -> linking to guides-WEB_COMMANDS_REFERENCE (resolved as: /docs/guides-WEB_COMMANDS_REFERENCE)
   -> linking to guides-drivers-quick-reference (resolved as: /docs/guides-drivers-quick-reference)
   -> linking to guides-RESTART_COMMAND_GUIDE (resolved as: /docs/guides-RESTART_COMMAND_GUIDE)
   -> linking to plugins-PLUGIN_STARTER_KIT (resolved as: /docs/plugins-PLUGIN_STARTER_KIT)
   -> linking to features-PORT_FORWARDER_COMPLETE_GUIDE (resolved as: /docs/features-PORT_FORWARDER_COMPLETE_GUIDE)
   -> linking to reports-FINAL_PERFORMANCE_REPORT (resolved as: /docs/reports-FINAL_PERFORMANCE_REPORT)
   -> linking to internal-PHASE1_PERF_PLAYBOOK (resolved as: /docs/internal-PHASE1_PERF_PLAYBOOK)
   -> linking to reports-IMPLEMENTATION_COMPLETE (resolved as: /docs/reports-IMPLEMENTATION_COMPLETE)
   -> linking to reports-CHANGELOG_2026M03_24 (resolved as: /docs/reports-CHANGELOG_2026M03_24)
   -> linking to ../zh_CN/Navigation-ZH (resolved as: /zh_CN/Navigation-ZH)
- Broken link on source page path = /docs/MULTI_LANGUAGE_GUIDE:
   -> linking to ../zh_CN/MULTI_LANGUAGE_GUIDE (resolved as: /zh_CN/MULTI_LANGUAGE_GUIDE)
   -> linking to index.html (resolved as: /docs/index.html)
   -> linking to README (resolved as: /docs/README)
- Broken link on source page path = /docs/Navigation:
   -> linking to ../zh_CN/Navigation-ZH (resolved as: /zh_CN/Navigation-ZH)
   -> linking to INDEX (resolved as: /docs/INDEX)
   -> linking to architecture-CORE_PIPELINE_INTERFACE_EXPOSURE (resolved as: /docs/architecture-CORE_PIPELINE_INTERFACE_EXPOSURE)
   -> linking to architecture-ARCHITECTURE_EVOLUTION_COMPARISON (resolved as: /docs/architecture-ARCHITECTURE_EVOLUTION_COMPARISON)
   -> linking to architecture-ARCHITECTURE_FFI_ANALYSIS (resolved as: /docs/architecture-ARCHITECTURE_FFI_ANALYSIS)
   -> linking to architecture-FFI_VERIFICATION_DIAGRAMS (resolved as: /docs/architecture-FFI_VERIFICATION_DIAGRAMS)
   -> linking to guides-DISPLAY_API_GUIDE (resolved as: /docs/guides-DISPLAY_API_GUIDE)
   -> linking to guides-RESTART_COMMAND_GUIDE (resolved as: /docs/guides-RESTART_COMMAND_GUIDE)
   -> linking to features-FEATURE_TOGGLE_GUIDE (resolved as: /docs/features-FEATURE_TOGGLE_GUIDE)
   -> linking to internal-PHASE1_PERF_PLAYBOOK (resolved as: /docs/internal-PHASE1_PERF_PLAYBOOK)
   -> linking to internal-PHASE2_PERF_PLAYBOOK (resolved as: /docs/internal-PHASE2_PERF_PLAYBOOK)
   -> linking to internal-OPTIMIZATION_REPORT (resolved as: /docs/internal-OPTIMIZATION_REPORT)
   -> linking to internal-AGENTS (resolved as: /docs/internal-AGENTS)
   -> linking to internal-PYCORE_INTERNALS (resolved as: /docs/internal-PYCORE_INTERNALS)
   -> linking to README (resolved as: /docs/README)
   -> linking to plugins-PLUGIN_STARTER_KIT (resolved as: /docs/plugins-PLUGIN_STARTER_KIT)
- Broken link on source page path = /docs/QUICK_START:
   -> linking to plugins-PLUGIN_STARTER_KIT (resolved as: /docs/plugins-PLUGIN_STARTER_KIT)
   -> linking to plugins-PLUGIN_DEVELOPMENT_SPECIFICATION (resolved as: /docs/plugins-PLUGIN_DEVELOPMENT_SPECIFICATION)
   -> linking to plugins-PLUGIN_DEVELOPMENT_SPECIFICATION_2026 (resolved as: /docs/plugins-PLUGIN_DEVELOPMENT_SPECIFICATION_2026)
   -> linking to plugins-PLUGIN_QUICK_REFERENCE_2026 (resolved as: /docs/plugins-PLUGIN_QUICK_REFERENCE_2026)
   -> linking to plugins-PLUGIN_HIJACKING_PRACTICAL_CODE (resolved as: /docs/plugins-PLUGIN_HIJACKING_PRACTICAL_CODE)
   -> linking to guides-DISPLAY_API_GUIDE (resolved as: /docs/guides-DISPLAY_API_GUIDE)
   -> linking to guides-DISPLAY_API_QUICKSTART (resolved as: /docs/guides-DISPLAY_API_QUICKSTART)
   -> linking to guides-WEB_COMMANDS_REFERENCE (resolved as: /docs/guides-WEB_COMMANDS_REFERENCE)
   -> linking to guides-TUI_QUICK_REFERENCE (resolved as: /docs/guides-TUI_QUICK_REFERENCE)
   -> linking to reports-PERFORMANCE_OPTIMIZATION_REPORT (resolved as: /docs/reports-PERFORMANCE_OPTIMIZATION_REPORT)
   -> linking to reports-FINAL_PERFORMANCE_REPORT (resolved as: /docs/reports-FINAL_PERFORMANCE_REPORT)
   -> linking to architecture-ARCHITECTURE_EVOLUTION_COMPARISON (resolved as: /docs/architecture-ARCHITECTURE_EVOLUTION_COMPARISON)
   -> linking to reports-BUG_FIX_REPORT (resolved as: /docs/reports-BUG_FIX_REPORT)
   -> linking to internal-FIX_ModuleNotFoundError (resolved as: /docs/internal-FIX_ModuleNotFoundError)
   -> linking to internal-WEB_COMMAND_FIX (resolved as: /docs/internal-WEB_COMMAND_FIX)
   -> linking to reports- (resolved as: /docs/reports-)
   -> linking to architecture-ARCHITECTURE_FFI_ANALYSIS (resolved as: /docs/architecture-ARCHITECTURE_FFI_ANALYSIS)
   -> linking to README (resolved as: /docs/README)
   -> linking to reports-CHANGELOG (resolved as: /docs/reports-CHANGELOG)
   -> linking to reports-CODE_CHANGES_SUMMARY (resolved as: /docs/reports-CODE_CHANGES_SUMMARY)
   -> linking to INDEX (resolved as: /docs/INDEX)
- Broken link on source page path = /docs/reports/reports-RESTART_COMMAND_DOCUMENTATION_SUMMARY:
   -> linking to README (resolved as: /docs/reports/README)
   -> linking to src-opensynaptic-CLI-README (resolved as: /docs/reports/src-opensynaptic-CLI-README)
   -> linking to AGENTS (resolved as: /docs/reports/AGENTS)
   -> linking to docs-INDEX (resolved as: /docs/reports/docs-INDEX)
   -> linking to docs-guides-RESTART_COMMAND_GUIDE (resolved as: /docs/reports/docs-guides-RESTART_COMMAND_GUIDE)
- Broken link on source page path = /:
   -> linking to /wiki
   -> linking to /docs/README

[WARNING] Docusaurus found broken anchors!

Please check the pages of your site in the list below, and make sure you don't reference any anchor that does not exist.
Note: it's possible to ignore broken anchors with the 'onBrokenAnchors' Docusaurus configuration, and let the build pass.

Exhaustive list of all broken anchors found:
- Broken anchor on source page path = /docs/:
   -> linking to #-opensynaptic-complete-documentation-index (resolved as: /docs/#-opensynaptic-complete-documentation-index)
- Broken anchor on source page path = /docs/Home:
   -> linking to #-opensynaptic-wiki (resolved as: /docs/Home#-opensynaptic-wiki)
- Broken anchor on source page path = /docs/Navigation:
   -> linking to #-opensynaptic-complete-navigation (resolved as: /docs/Navigation#-opensynaptic-complete-navigation)

[SUCCESS] Generated static files in "build".
[INFO] [zh-CN] Creating an optimized production build...
[WARNING] Duplicate routes found!
- Attempting to create page at /zh-CN/docs/, but a page already exists at this route.
This could lead to non-deterministic routing behavior.
[90m[[90mwebpackbar[90m][39m [36mℹ[39m Compiling Client
[90m[[90mwebpackbar[90m][39m [36mℹ[39m Compiling Server
[WARNING] Markdown link with empty URL found in source file "i18n/zh-CN/docusaurus-plugin-content-docs/current/Home.md" (10:1).
[WARNING] Markdown link with empty URL found in source file "i18n/zh-CN/docusaurus-plugin-content-docs/current/Home.md" (11:1).
[WARNING] Markdown link with empty URL found in source file "i18n/zh-CN/docusaurus-plugin-content-docs/current/Home.md" (10:1).
[WARNING] Markdown link with empty URL found in source file "i18n/zh-CN/docusaurus-plugin-content-docs/current/Home.md" (11:1).
[WARNING] Markdown link with empty URL found in source file "i18n/zh-CN/docusaurus-plugin-content-docs/current/Navigation.md" (7:1).
[WARNING] Markdown link with empty URL found in source file "i18n/zh-CN/docusaurus-plugin-content-docs/current/Navigation.md" (8:1).
[WARNING] Markdown link with empty URL found in source file "i18n/zh-CN/docusaurus-plugin-content-docs/current/Navigation.md" (9:1).
[WARNING] Markdown link with empty URL found in source file "i18n/zh-CN/docusaurus-plugin-content-docs/current/Navigation.md" (7:1).
[WARNING] Markdown link with empty URL found in source file "i18n/zh-CN/docusaurus-plugin-content-docs/current/Navigation.md" (8:1).
[WARNING] Markdown link with empty URL found in source file "i18n/zh-CN/docusaurus-plugin-content-docs/current/Navigation.md" (9:1).
[WARNING] Markdown link with empty URL found in source file "i18n/zh-CN/docusaurus-plugin-content-docs/current/INDEX.md" (7:1).
[WARNING] Markdown link with empty URL found in source file "i18n/zh-CN/docusaurus-plugin-content-docs/current/INDEX.md" (8:1).
[WARNING] Markdown link with empty URL found in source file "i18n/zh-CN/docusaurus-plugin-content-docs/current/INDEX.md" (9:1).
[WARNING] Markdown link with empty URL found in source file "i18n/zh-CN/docusaurus-plugin-content-docs/current/INDEX.md" (7:1).
[WARNING] Markdown link with empty URL found in source file "i18n/zh-CN/docusaurus-plugin-content-docs/current/INDEX.md" (8:1).
[WARNING] Markdown link with empty URL found in source file "i18n/zh-CN/docusaurus-plugin-content-docs/current/INDEX.md" (9:1).
[90m[[90mwebpackbar[90m][39m [32m✔[39m Server: Compiled successfully in 7.49s
[90m[[90mwebpackbar[90m][39m [32m✔[39m Client: Compiled successfully in 12.58s
[WARNING] Docusaurus found broken links!

Please check the pages of your site in the list below, and make sure you don't reference any path that does not exist.
Note: it's possible to ignore broken links with the 'onBrokenLinks' Docusaurus configuration, and let the build pass.

It looks like some of the broken links we found appear in many pages of your site.
Maybe those broken links appear on all pages through your site layout?
We recommend that you check your theme configuration for such links (particularly, theme navbar and footer).
Frequent broken links are linking to:
- README

Exhaustive list of all broken links found:
- Broken link on source page path = /zh-CN/docs/:
   -> linking to ../en_GB/INDEX (resolved as: /zh-CN/en_GB/INDEX)
   -> linking to Navigation-ZH (resolved as: /zh-CN/docs/Navigation-ZH)
   -> linking to README (resolved as: /zh-CN/docs/README)
   -> linking to architecture-CORE_PIPELINE_INTERFACE_EXPOSURE (resolved as: /zh-CN/docs/architecture-CORE_PIPELINE_INTERFACE_EXPOSURE)
   -> linking to architecture-ARCHITECTURE_EVOLUTION_COMPARISON (resolved as: /zh-CN/docs/architecture-ARCHITECTURE_EVOLUTION_COMPARISON)
   -> linking to architecture-ARCHITECTURE_FFI_ANALYSIS (resolved as: /zh-CN/docs/architecture-ARCHITECTURE_FFI_ANALYSIS)
   -> linking to api-DISPLAY_API_FINAL_REPORT (resolved as: /zh-CN/docs/api-DISPLAY_API_FINAL_REPORT)
   -> linking to api-DISPLAY_API_IMPLEMENTATION_SUMMARY (resolved as: /zh-CN/docs/api-DISPLAY_API_IMPLEMENTATION_SUMMARY)
   -> linking to features-ENHANCED_PORT_FORWARDER_GUIDE_zh (resolved as: /zh-CN/docs/features-ENHANCED_PORT_FORWARDER_GUIDE_zh)
   -> linking to features-FEATURE_TOGGLE_GUIDE (resolved as: /zh-CN/docs/features-FEATURE_TOGGLE_GUIDE)
   -> linking to features-PORT_FORWARDER_COMPLETE_GUIDE (resolved as: /zh-CN/docs/features-PORT_FORWARDER_COMPLETE_GUIDE)
   -> linking to features-PORT_FORWARDER_ONE_TO_MANY_GUIDE (resolved as: /zh-CN/docs/features-PORT_FORWARDER_ONE_TO_MANY_GUIDE)
   -> linking to features-IMPLEMENTATION_universal_driver_support_zh (resolved as: /zh-CN/docs/features-IMPLEMENTATION_universal_driver_support_zh)
   -> linking to plugins-PLUGIN_DEVELOPMENT_SPECIFICATION_2026 (resolved as: /zh-CN/docs/plugins-PLUGIN_DEVELOPMENT_SPECIFICATION_2026)
   -> linking to plugins-PLUGIN_STARTER_KIT_zh (resolved as: /zh-CN/docs/plugins-PLUGIN_STARTER_KIT_zh)
   -> linking to plugins-PLUGIN_QUICK_REFERENCE_zh (resolved as: /zh-CN/docs/plugins-PLUGIN_QUICK_REFERENCE_zh)
   -> linking to plugins-PLUGIN_HIJACKING_PORT_FORWARDING_zh (resolved as: /zh-CN/docs/plugins-PLUGIN_HIJACKING_PORT_FORWARDING_zh)
   -> linking to plugins-PLUGIN_DOCS_INDEX (resolved as: /zh-CN/docs/plugins-PLUGIN_DOCS_INDEX)
   -> linking to plugins-PLUGIN_DEVELOPMENT_SPECIFICATION_zh (resolved as: /zh-CN/docs/plugins-PLUGIN_DEVELOPMENT_SPECIFICATION_zh)
   -> linking to plugins-PLUGIN_QUICK_REFERENCE_2026 (resolved as: /zh-CN/docs/plugins-PLUGIN_QUICK_REFERENCE_2026)
   -> linking to plugins-PLUGIN_STARTER_KIT_2026 (resolved as: /zh-CN/docs/plugins-PLUGIN_STARTER_KIT_2026)
   -> linking to plugins-PLUGIN_HIJACKING_PRACTICAL_CODE (resolved as: /zh-CN/docs/plugins-PLUGIN_HIJACKING_PRACTICAL_CODE)
   -> linking to guides-DISPLAY_API_GUIDE (resolved as: /zh-CN/docs/guides-DISPLAY_API_GUIDE)
   -> linking to guides-DISPLAY_API_QUICKSTART (resolved as: /zh-CN/docs/guides-DISPLAY_API_QUICKSTART)
   -> linking to guides-DISPLAY_API_README (resolved as: /zh-CN/docs/guides-DISPLAY_API_README)
   -> linking to guides-DISPLAY_API_INDEX (resolved as: /zh-CN/docs/guides-DISPLAY_API_INDEX)
   -> linking to guides-RESTART_COMMAND_GUIDE (resolved as: /zh-CN/docs/guides-RESTART_COMMAND_GUIDE)
   -> linking to guides-QUICK_REFERENCE_zh (resolved as: /zh-CN/docs/guides-QUICK_REFERENCE_zh)
   -> linking to guides-WEB_COMMANDS_REFERENCE (resolved as: /zh-CN/docs/guides-WEB_COMMANDS_REFERENCE)
   -> linking to guides-TUI_QUICK_REFERENCE (resolved as: /zh-CN/docs/guides-TUI_QUICK_REFERENCE)
   -> linking to guides-REFACTORING_QUICK_REFERENCE_zh (resolved as: /zh-CN/docs/guides-REFACTORING_QUICK_REFERENCE_zh)
   -> linking to ../en_GB/guides-upgrade-v0.3.0 (resolved as: /zh-CN/en_GB/guides-upgrade-v0.3.0)
   -> linking to reports-CHANGELOG_2026M03_24_zh (resolved as: /zh-CN/docs/reports-CHANGELOG_2026M03_24_zh)
   -> linking to ../en_GB/reports-DOC_FRESHNESS_AUDIT_2026-04-02 (resolved as: /zh-CN/en_GB/reports-DOC_FRESHNESS_AUDIT_2026-04-02)
   -> linking to ../en_GB/reports-FINAL_PERFORMANCE_REPORT (resolved as: /zh-CN/en_GB/reports-FINAL_PERFORMANCE_REPORT)
   -> linking to ../en_GB/reports-PERFORMANCE_OPTIMIZATION_REPORT (resolved as: /zh-CN/en_GB/reports-PERFORMANCE_OPTIMIZATION_REPORT)
   -> linking to reports-COMPREHENSIVE_COMPLETION_SUMMARY_zh (resolved as: /zh-CN/docs/reports-COMPREHENSIVE_COMPLETION_SUMMARY_zh)
   -> linking to reports-CODE_CHANGES_SUMMARY_zh (resolved as: /zh-CN/docs/reports-CODE_CHANGES_SUMMARY_zh)
   -> linking to reports-BUG_FIX_REPORT_zh (resolved as: /zh-CN/docs/reports-BUG_FIX_REPORT_zh)
   -> linking to ../en_GB/reports-DISPLAY_API_FINAL_REPORT (resolved as: /zh-CN/en_GB/reports-DISPLAY_API_FINAL_REPORT)
   -> linking to ../en_GB/reports-TUI_REFACTOR_COMPLETION_SUMMARY (resolved as: /zh-CN/en_GB/reports-TUI_REFACTOR_COMPLETION_SUMMARY)
   -> linking to releases-v1.1.0 (resolved as: /zh-CN/docs/releases-v1.1.0)
   -> linking to releases-v1.0.0-rc1 (resolved as: /zh-CN/docs/releases-v1.0.0-rc1)
   -> linking to releases-v0.3.0%E5%85%AC%E5%91%8A_zh (resolved as: /zh-CN/docs/releases-v0.3.0%E5%85%AC%E5%91%8A_zh)
   -> linking to releases-v0.2.0%E5%85%AC%E5%91%8A_zh (resolved as: /zh-CN/docs/releases-v0.2.0%E5%85%AC%E5%91%8A_zh)
   -> linking to ../en_GB/internal-AGENTS (resolved as: /zh-CN/en_GB/internal-AGENTS)
   -> linking to ../en_GB/internal-PYCORE_INTERNALS (resolved as: /zh-CN/en_GB/internal-PYCORE_INTERNALS)
   -> linking to ../en_GB/internal-PHASE1_PERF_PLAYBOOK (resolved as: /zh-CN/en_GB/internal-PHASE1_PERF_PLAYBOOK)
   -> linking to ../en_GB/internal-PHASE2_PERF_PLAYBOOK (resolved as: /zh-CN/en_GB/internal-PHASE2_PERF_PLAYBOOK)
   -> linking to ../en_GB/internal-OPTIMIZATION_REPORT (resolved as: /zh-CN/en_GB/internal-OPTIMIZATION_REPORT)
   -> linking to ../en_GB/internal-FIX_ModuleNotFoundError (resolved as: /zh-CN/en_GB/internal-FIX_ModuleNotFoundError)
   -> linking to ../en_GB/internal-WEB_COMMAND_FIX (resolved as: /zh-CN/en_GB/internal-WEB_COMMAND_FIX)
   -> linking to ../en_GB/internal-WORK_SUMMARY (resolved as: /zh-CN/en_GB/internal-WORK_SUMMARY)
   -> linking to ../en_GB/internal-ZERO_COPY_CLOSEOUT (resolved as: /zh-CN/en_GB/internal-ZERO_COPY_CLOSEOUT)
- Broken link on source page path = /zh-CN/docs/ARCHITECTURE:
   -> linking to plugins-PLUGIN_DEVELOPMENT_SPECIFICATION_2026 (resolved as: /zh-CN/docs/plugins-PLUGIN_DEVELOPMENT_SPECIFICATION_2026)
- Broken link on source page path = /zh-CN/docs/guides/guides-RESTART_COMMAND_GUIDE:
   -> linking to README (resolved as: /zh-CN/docs/guides/README)
   -> linking to src-opensynaptic-CLI-README (resolved as: /zh-CN/docs/guides/src-opensynaptic-CLI-README)
   -> linking to ARCHITECTURE (resolved as: /zh-CN/docs/guides/ARCHITECTURE)
   -> linking to CONFIG_SCHEMA (resolved as: /zh-CN/docs/guides/CONFIG_SCHEMA)
- Broken link on source page path = /zh-CN/docs/Home:
   -> linking to ../en_GB/releases-v1.1.0 (resolved as: /zh-CN/en_GB/releases-v1.1.0)
   -> linking to ../en_GB/INDEX (resolved as: /zh-CN/en_GB/INDEX)
   -> linking to ../en_GB/README (resolved as: /zh-CN/en_GB/README)
   -> linking to ../en_GB/Navigation-EN (resolved as: /zh-CN/en_GB/Navigation-EN)
   -> linking to ../en_GB/plugins-PLUGIN_DEVELOPMENT_SPECIFICATION_2026 (resolved as: /zh-CN/en_GB/plugins-PLUGIN_DEVELOPMENT_SPECIFICATION_2026)
   -> linking to ../en_GB/ARCHITECTURE (resolved as: /zh-CN/en_GB/ARCHITECTURE)
   -> linking to ../en_GB/architecture-ARCHITECTURE_EVOLUTION_COMPARISON (resolved as: /zh-CN/en_GB/architecture-ARCHITECTURE_EVOLUTION_COMPARISON)
   -> linking to ../en_GB/architecture-ARCHITECTURE_FFI_ANALYSIS (resolved as: /zh-CN/en_GB/architecture-ARCHITECTURE_FFI_ANALYSIS)
   -> linking to ../en_GB/API (resolved as: /zh-CN/en_GB/API)
   -> linking to ../en_GB/CORE_API (resolved as: /zh-CN/en_GB/CORE_API)
   -> linking to ../en_GB/PYCORE_RUST_API (resolved as: /zh-CN/en_GB/PYCORE_RUST_API)
   -> linking to ../en_GB/RSCORE_API (resolved as: /zh-CN/en_GB/RSCORE_API)
   -> linking to ../en_GB/guides-DISPLAY_API_GUIDE (resolved as: /zh-CN/en_GB/guides-DISPLAY_API_GUIDE)
   -> linking to ../en_GB/CONFIG_SCHEMA (resolved as: /zh-CN/en_GB/CONFIG_SCHEMA)
   -> linking to ../en_GB/ID_LEASE_SYSTEM (resolved as: /zh-CN/en_GB/ID_LEASE_SYSTEM)
   -> linking to ../en_GB/features-FEATURE_TOGGLE_GUIDE (resolved as: /zh-CN/en_GB/features-FEATURE_TOGGLE_GUIDE)
   -> linking to ../en_GB/ID_LEASE_CONFIG_REFERENCE (resolved as: /zh-CN/en_GB/ID_LEASE_CONFIG_REFERENCE)
   -> linking to ../en_GB/guides-TUI_QUICK_REFERENCE (resolved as: /zh-CN/en_GB/guides-TUI_QUICK_REFERENCE)
   -> linking to ../en_GB/guides-WEB_COMMANDS_REFERENCE (resolved as: /zh-CN/en_GB/guides-WEB_COMMANDS_REFERENCE)
   -> linking to ../en_GB/guides-drivers-quick-reference (resolved as: /zh-CN/en_GB/guides-drivers-quick-reference)
   -> linking to ../en_GB/guides-RESTART_COMMAND_GUIDE (resolved as: /zh-CN/en_GB/guides-RESTART_COMMAND_GUIDE)
   -> linking to ../en_GB/QUICK_START (resolved as: /zh-CN/en_GB/QUICK_START)
   -> linking to ../en_GB/plugins-PLUGIN_STARTER_KIT (resolved as: /zh-CN/en_GB/plugins-PLUGIN_STARTER_KIT)
   -> linking to ../en_GB/TRANSPORTER_PLUGIN (resolved as: /zh-CN/en_GB/TRANSPORTER_PLUGIN)
   -> linking to ../en_GB/features-PORT_FORWARDER_COMPLETE_GUIDE (resolved as: /zh-CN/en_GB/features-PORT_FORWARDER_COMPLETE_GUIDE)
   -> linking to ../en_GB/reports-FINAL_PERFORMANCE_REPORT (resolved as: /zh-CN/en_GB/reports-FINAL_PERFORMANCE_REPORT)
   -> linking to ../en_GB/internal-PHASE1_PERF_PLAYBOOK (resolved as: /zh-CN/en_GB/internal-PHASE1_PERF_PLAYBOOK)
   -> linking to ../en_GB/reports-IMPLEMENTATION_COMPLETE (resolved as: /zh-CN/en_GB/reports-IMPLEMENTATION_COMPLETE)
   -> linking to ../en_GB/reports-CHANGELOG_2026M03_24 (resolved as: /zh-CN/en_GB/reports-CHANGELOG_2026M03_24)
   -> linking to Navigation-ZH (resolved as: /zh-CN/docs/Navigation-ZH)
- Broken link on source page path = /zh-CN/docs/internal/internal-PYCORE_INTERNALS:
   -> linking to PYCORE_INTERNALS (resolved as: /zh-CN/docs/internal/PYCORE_INTERNALS)
- Broken link on source page path = /zh-CN/docs/MULTI_LANGUAGE_GUIDE:
   -> linking to index.html (resolved as: /zh-CN/docs/index.html)
   -> linking to README (resolved as: /zh-CN/docs/README)
- Broken link on source page path = /zh-CN/docs/Navigation:
   -> linking to ../en_GB/Navigation-EN (resolved as: /zh-CN/en_GB/Navigation-EN)
   -> linking to INDEX (resolved as: /zh-CN/docs/INDEX)
   -> linking to architecture-CORE_PIPELINE_INTERFACE_EXPOSURE (resolved as: /zh-CN/docs/architecture-CORE_PIPELINE_INTERFACE_EXPOSURE)
   -> linking to architecture-ARCHITECTURE_EVOLUTION_COMPARISON (resolved as: /zh-CN/docs/architecture-ARCHITECTURE_EVOLUTION_COMPARISON)
   -> linking to architecture-ARCHITECTURE_FFI_ANALYSIS (resolved as: /zh-CN/docs/architecture-ARCHITECTURE_FFI_ANALYSIS)
   -> linking to architecture-FFI_VERIFICATION_DIAGRAMS (resolved as: /zh-CN/docs/architecture-FFI_VERIFICATION_DIAGRAMS)
   -> linking to guides-DISPLAY_API_GUIDE (resolved as: /zh-CN/docs/guides-DISPLAY_API_GUIDE)
   -> linking to guides-RESTART_COMMAND_GUIDE (resolved as: /zh-CN/docs/guides-RESTART_COMMAND_GUIDE)
   -> linking to features-FEATURE_TOGGLE_GUIDE (resolved as: /zh-CN/docs/features-FEATURE_TOGGLE_GUIDE)
   -> linking to ../en_GB/internal-PHASE1_PERF_PLAYBOOK (resolved as: /zh-CN/en_GB/internal-PHASE1_PERF_PLAYBOOK)
   -> linking to ../en_GB/internal-PHASE2_PERF_PLAYBOOK (resolved as: /zh-CN/en_GB/internal-PHASE2_PERF_PLAYBOOK)
   -> linking to ../en_GB/internal-OPTIMIZATION_REPORT (resolved as: /zh-CN/en_GB/internal-OPTIMIZATION_REPORT)
   -> linking to ../en_GB/internal-AGENTS (resolved as: /zh-CN/en_GB/internal-AGENTS)
   -> linking to ../en_GB/internal-PYCORE_INTERNALS (resolved as: /zh-CN/en_GB/internal-PYCORE_INTERNALS)
   -> linking to README (resolved as: /zh-CN/docs/README)
   -> linking to plugins-PLUGIN_STARTER_KIT (resolved as: /zh-CN/docs/plugins-PLUGIN_STARTER_KIT)
- Broken link on source page path = /zh-CN/docs/QUICK_START:
   -> linking to plugins-PLUGIN_STARTER_KIT (resolved as: /zh-CN/docs/plugins-PLUGIN_STARTER_KIT)
   -> linking to plugins-PLUGIN_DEVELOPMENT_SPECIFICATION (resolved as: /zh-CN/docs/plugins-PLUGIN_DEVELOPMENT_SPECIFICATION)
   -> linking to plugins-PLUGIN_DEVELOPMENT_SPECIFICATION_2026 (resolved as: /zh-CN/docs/plugins-PLUGIN_DEVELOPMENT_SPECIFICATION_2026)
   -> linking to plugins-PLUGIN_QUICK_REFERENCE_2026 (resolved as: /zh-CN/docs/plugins-PLUGIN_QUICK_REFERENCE_2026)
   -> linking to plugins-PLUGIN_HIJACKING_PRACTICAL_CODE (resolved as: /zh-CN/docs/plugins-PLUGIN_HIJACKING_PRACTICAL_CODE)
   -> linking to guides-DISPLAY_API_GUIDE (resolved as: /zh-CN/docs/guides-DISPLAY_API_GUIDE)
   -> linking to guides-DISPLAY_API_QUICKSTART (resolved as: /zh-CN/docs/guides-DISPLAY_API_QUICKSTART)
   -> linking to guides-WEB_COMMANDS_REFERENCE (resolved as: /zh-CN/docs/guides-WEB_COMMANDS_REFERENCE)
   -> linking to guides-TUI_QUICK_REFERENCE (resolved as: /zh-CN/docs/guides-TUI_QUICK_REFERENCE)
   -> linking to reports-PERFORMANCE_OPTIMIZATION_REPORT (resolved as: /zh-CN/docs/reports-PERFORMANCE_OPTIMIZATION_REPORT)
   -> linking to reports-FINAL_PERFORMANCE_REPORT (resolved as: /zh-CN/docs/reports-FINAL_PERFORMANCE_REPORT)
   -> linking to architecture-ARCHITECTURE_EVOLUTION_COMPARISON (resolved as: /zh-CN/docs/architecture-ARCHITECTURE_EVOLUTION_COMPARISON)
   -> linking to reports-BUG_FIX_REPORT (resolved as: /zh-CN/docs/reports-BUG_FIX_REPORT)
   -> linking to internal-FIX_ModuleNotFoundError (resolved as: /zh-CN/docs/internal-FIX_ModuleNotFoundError)
   -> linking to internal-WEB_COMMAND_FIX (resolved as: /zh-CN/docs/internal-WEB_COMMAND_FIX)
   -> linking to reports- (resolved as: /zh-CN/docs/reports-)
   -> linking to architecture-ARCHITECTURE_FFI_ANALYSIS (resolved as: /zh-CN/docs/architecture-ARCHITECTURE_FFI_ANALYSIS)
   -> linking to README (resolved as: /zh-CN/docs/README)
   -> linking to reports-CHANGELOG (resolved as: /zh-CN/docs/reports-CHANGELOG)
   -> linking to reports-CODE_CHANGES_SUMMARY (resolved as: /zh-CN/docs/reports-CODE_CHANGES_SUMMARY)
   -> linking to INDEX (resolved as: /zh-CN/docs/INDEX)
- Broken link on source page path = /zh-CN/docs/releases/releases-RELEASE_1_1_0_RC1_COMPLETE:
   -> linking to v1.1.0_announcement (resolved as: /zh-CN/docs/releases/v1.1.0_announcement)
- Broken link on source page path = /zh-CN/docs/reports/reports-RESTART_COMMAND_DOCUMENTATION_SUMMARY:
   -> linking to README (resolved as: /zh-CN/docs/reports/README)
   -> linking to src-opensynaptic-CLI-README (resolved as: /zh-CN/docs/reports/src-opensynaptic-CLI-README)
   -> linking to AGENTS (resolved as: /zh-CN/docs/reports/AGENTS)
   -> linking to docs-INDEX (resolved as: /zh-CN/docs/reports/docs-INDEX)
   -> linking to docs-guides-RESTART_COMMAND_GUIDE (resolved as: /zh-CN/docs/reports/docs-guides-RESTART_COMMAND_GUIDE)
- Broken link on source page path = /zh-CN/:
   -> linking to /zh-CN/wiki
   -> linking to /zh-CN/docs/README

[WARNING] Docusaurus found broken anchors!

Please check the pages of your site in the list below, and make sure you don't reference any anchor that does not exist.
Note: it's possible to ignore broken anchors with the 'onBrokenAnchors' Docusaurus configuration, and let the build pass.

Exhaustive list of all broken anchors found:
- Broken anchor on source page path = /zh-CN/docs/:
   -> linking to #-opensynaptic-%E5%AE%8C%E6%95%B4%E6%96%87%E6%A1%A3%E7%B4%A2%E5%BC%95 (resolved as: /zh-CN/docs/#-opensynaptic-%E5%AE%8C%E6%95%B4%E6%96%87%E6%A1%A3%E7%B4%A2%E5%BC%95)
- Broken anchor on source page path = /zh-CN/docs/Home:
   -> linking to #-opensynaptic-wiki (resolved as: /zh-CN/docs/Home#-opensynaptic-wiki)
- Broken anchor on source page path = /zh-CN/docs/internal/internal-PYCORE_INTERNALS:
   -> linking to #4-opensynapticengine (resolved as: /zh-CN/docs/internal/internal-PYCORE_INTERNALS#4-opensynapticengine)
   -> linking to #5-osvisualfusionengine (resolved as: /zh-CN/docs/internal/internal-PYCORE_INTERNALS#5-osvisualfusionengine)
   -> linking to #6-oshandshakemanager--cmd (resolved as: /zh-CN/docs/internal/internal-PYCORE_INTERNALS#6-oshandshakemanager--cmd)
   -> linking to #7-opensynaptic-%E5%8D%8F%E8%B0%83%E5%99%A8 (resolved as: /zh-CN/docs/internal/internal-PYCORE_INTERNALS#7-opensynaptic-%E5%8D%8F%E8%B0%83%E5%99%A8)
   -> linking to #8-transportermanager (resolved as: /zh-CN/docs/internal/internal-PYCORE_INTERNALS#8-transportermanager)
   -> linking to #9-%E5%AE%89%E5%85%A8%E5%8E%9F%E8%AF%AD (resolved as: /zh-CN/docs/internal/internal-PYCORE_INTERNALS#9-%E5%AE%89%E5%85%A8%E5%8E%9F%E8%AF%AD)
   -> linking to #10-%E7%BC%93%E5%86%B2%E5%8C%BA%E5%AE%9E%E7%94%A8%E5%B7%A5%E5%85%B7 (resolved as: /zh-CN/docs/internal/internal-PYCORE_INTERNALS#10-%E7%BC%93%E5%86%B2%E5%8C%BA%E5%AE%9E%E7%94%A8%E5%B7%A5%E5%85%B7)
   -> linking to #11-%E9%94%99%E8%AF%AF%E5%A4%84%E7%90%86%E7%BA%A6%E5%AE%9A (resolved as: /zh-CN/docs/internal/internal-PYCORE_INTERNALS#11-%E9%94%99%E8%AF%AF%E5%A4%84%E7%90%86%E7%BA%A6%E5%AE%9A)
   -> linking to #12-%E7%BA%BF%E7%A8%8B%E5%AE%89%E5%85%A8%E5%8D%8F%E8%AE%AE (resolved as: /zh-CN/docs/internal/internal-PYCORE_INTERNALS#12-%E7%BA%BF%E7%A8%8B%E5%AE%89%E5%85%A8%E5%8D%8F%E8%AE%AE)
- Broken anchor on source page path = /zh-CN/docs/Navigation:
   -> linking to #-opensynaptic-%E5%AE%8C%E6%95%B4%E5%AF%BC%E8%88%AA (resolved as: /zh-CN/docs/Navigation#-opensynaptic-%E5%AE%8C%E6%95%B4%E5%AF%BC%E8%88%AA)

[SUCCESS] Generated static files in "build\zh-CN".
[INFO] Use `npm run serve` command to test your build locally.
